ch9/build/intermediates/manifest_merge_blame_file/debug/processDebugMainManifest/manifest-merger-blame-debug-report.txt
1<?xml version="1.0" encoding="utf-8"?>
2<manifest xmlns:android="http://schemas.android.com/apk/res/android"
3    package="com.example.ch9"
4    android:versionCode="1"
5    android:versionName="1.0" >
6
7    <uses-sdk
8        android:minSdkVersion="24"
9        android:targetSdkVersion="36" />
10
11    <!-- 권한... -->
12    <uses-permission android:name="android.permission.CALL_PHONE" />
12-->src\main\AndroidManifest.xml:5:5-68
12-->src\main\AndroidManifest.xml:5:22-66
13
14    <!--
15     hardware 요구사항..
16     내 앱에서 이런 하드웨어를 사용할 것이다.. 선언..
17     유저 디바이스에 이용하는 하드웨어가 있어야 한다는 조건 명시..
18     telephony, camera ....
19     required : true : play store 에서 필터링 해서.. 아래 hardware 가 없는 폰에는 앱이 노출되지 않는다.
20    -->
21    <uses-feature
21-->src\main\AndroidManifest.xml:12:5-15:11
22        android:name="android.hardware.telephony"
22-->src\main\AndroidManifest.xml:13:9-50
23        android:required="false" />
23-->src\main\AndroidManifest.xml:14:9-33
24
25    <permission
25-->[androidx.core:core:1.17.0] AndroidManifest.xml:22:5-24:47
26        android:name="com.example.ch9.DYNAMIC_RECEIVER_NOT_EXPORTED_PERMISSION"
26-->[androidx.core:core:1.17.0] AndroidManifest.xml:23:9-81
27        android:protectionLevel="signature" />
27-->[androidx.core:core:1.17.0] AndroidManifest.xml:24:9-44
28
29    <uses-permission android:name="com.example.ch9.DYNAMIC_RECEIVER_NOT_EXPORTED_PERMISSION" />
29-->[androidx.core:core:1.17.0] AndroidManifest.xml:26:5-97
29-->[androidx.core:core:1.17.0] AndroidManifest.xml:26:22-94
30
31    <application
31-->src\main\AndroidManifest.xml:17:5-95:19
32        android:allowBackup="true"
32-->src\main\AndroidManifest.xml:18:9-35
33        android:appComponentFactory="androidx.core.app.CoreComponentFactory"
33-->[androidx.core:core:1.17.0] AndroidManifest.xml:28:18-86
34        android:debuggable="true"
35        android:extractNativeLibs="false"
36        android:icon="@mipmap/ic_launcher"
36-->src\main\AndroidManifest.xml:19:9-43
37        android:label="@string/app_name"
37-->src\main\AndroidManifest.xml:20:9-41
38        android:roundIcon="@mipmap/ic_launcher_round"
38-->src\main\AndroidManifest.xml:21:9-54
39        android:supportsRtl="true"
39-->src\main\AndroidManifest.xml:22:9-35
40        android:testOnly="true"
41        android:theme="@style/Theme.AndroidLab1" >
41-->src\main\AndroidManifest.xml:23:9-49
42        <activity
42-->src\main\AndroidManifest.xml:24:9-32:20
43            android:name="com.example.ch9.Test3Activity"
43-->src\main\AndroidManifest.xml:25:13-42
44            android:exported="true" >
44-->src\main\AndroidManifest.xml:26:13-36
45            <intent-filter>
45-->src\main\AndroidManifest.xml:27:13-31:29
46                <action android:name="android.intent.action.MAIN" />
46-->src\main\AndroidManifest.xml:28:17-69
46-->src\main\AndroidManifest.xml:28:25-66
47
48                <category android:name="android.intent.category.LAUNCHER" />
48-->src\main\AndroidManifest.xml:30:17-77
48-->src\main\AndroidManifest.xml:30:27-74
49            </intent-filter>
50        </activity>
51        <activity
51-->src\main\AndroidManifest.xml:33:9-35:40
52            android:name="com.example.ch9.SomeActivity"
52-->src\main\AndroidManifest.xml:34:13-41
53            android:exported="false" />
53-->src\main\AndroidManifest.xml:35:13-37
54        <activity
54-->src\main\AndroidManifest.xml:36:9-44:20
55            android:name="com.example.ch9.Test2Activity"
55-->src\main\AndroidManifest.xml:37:13-42
56            android:exported="true" >
56-->src\main\AndroidManifest.xml:38:13-36
57            <intent-filter>
57-->src\main\AndroidManifest.xml:27:13-31:29
58                <action android:name="android.intent.action.MAIN" />
58-->src\main\AndroidManifest.xml:28:17-69
58-->src\main\AndroidManifest.xml:28:25-66
59
60                <category android:name="android.intent.category.LAUNCHER" />
60-->src\main\AndroidManifest.xml:30:17-77
60-->src\main\AndroidManifest.xml:30:27-74
61            </intent-filter>
62        </activity>
63        <activity
63-->src\main\AndroidManifest.xml:45:9-55:20
64            android:name="com.example.ch9.Sub4Activity"
64-->src\main\AndroidManifest.xml:46:13-41
65            android:exported="true" >
65-->src\main\AndroidManifest.xml:47:13-36
66            <intent-filter>
66-->src\main\AndroidManifest.xml:48:13-54:29
67                <action android:name="ACTION_SUB4" />
67-->src\main\AndroidManifest.xml:49:17-54
67-->src\main\AndroidManifest.xml:49:25-51
68
69                <category android:name="android.intent.category.DEFAULT" />
69-->src\main\AndroidManifest.xml:51:17-76
69-->src\main\AndroidManifest.xml:51:27-73
70
71                <data android:scheme="http" />
71-->src\main\AndroidManifest.xml:53:17-47
71-->src\main\AndroidManifest.xml:53:23-44
72            </intent-filter>
73        </activity>
74        <activity
74-->src\main\AndroidManifest.xml:56:9-73:20
75            android:name="com.example.ch9.Sub3Activity"
75-->src\main\AndroidManifest.xml:57:13-41
76            android:exported="true" >
76-->src\main\AndroidManifest.xml:58:13-36
77            <intent-filter>
77-->src\main\AndroidManifest.xml:59:13-72:29
78
79                <!--
80action, category, data 어느것을 추가할지는 개발자 임의 선택..
81선언되어 있으면 모두 맞추어야 한다.
82action 이 여러개, category 여러개, data 여러개 가능하다..
83그중에서 하나만 맞으면 된다..
84                -->
85                <action android:name="ACTION_SUB3" />
85-->src\main\AndroidManifest.xml:67:17-54
85-->src\main\AndroidManifest.xml:67:25-51
86
87                <category android:name="android.intent.category.DEFAULT" />
87-->src\main\AndroidManifest.xml:51:17-76
87-->src\main\AndroidManifest.xml:51:27-73
88                <!-- 패키지명을 추가하는 것이 권장사항이다.. -->
89                <category android:name="com.example.ch9.CATEGORY_SUB3" />
89-->src\main\AndroidManifest.xml:71:17-74
89-->src\main\AndroidManifest.xml:71:27-71
90            </intent-filter>
91        </activity>
92        <activity
92-->src\main\AndroidManifest.xml:74:9-82:20
93            android:name="com.example.ch9.Sub2Activity"
93-->src\main\AndroidManifest.xml:75:13-41
94            android:exported="true" >
94-->src\main\AndroidManifest.xml:76:13-36
95            <intent-filter>
95-->src\main\AndroidManifest.xml:77:13-81:29
96                <action android:name="ACTION_SUB2" />
96-->src\main\AndroidManifest.xml:78:17-54
96-->src\main\AndroidManifest.xml:78:25-51
97
98                <category android:name="android.intent.category.DEFAULT" />
98-->src\main\AndroidManifest.xml:51:17-76
98-->src\main\AndroidManifest.xml:51:27-73
99            </intent-filter>
100        </activity>
101        <activity
101-->src\main\AndroidManifest.xml:83:9-85:40
102            android:name="com.example.ch9.Sub1Activity"
102-->src\main\AndroidManifest.xml:84:13-41
103            android:exported="false" />
103-->src\main\AndroidManifest.xml:85:13-37
104        <activity
104-->src\main\AndroidManifest.xml:86:9-94:20
105            android:name="com.example.ch9.Test1Activity"
105-->src\main\AndroidManifest.xml:87:13-42
106            android:exported="true" >
106-->src\main\AndroidManifest.xml:88:13-36
107            <intent-filter>
107-->src\main\AndroidManifest.xml:27:13-31:29
108                <action android:name="android.intent.action.MAIN" />
108-->src\main\AndroidManifest.xml:28:17-69
108-->src\main\AndroidManifest.xml:28:25-66
109
110                <category android:name="android.intent.category.LAUNCHER" />
110-->src\main\AndroidManifest.xml:30:17-77
110-->src\main\AndroidManifest.xml:30:27-74
111            </intent-filter>
112        </activity>
113
114        <provider
114-->[androidx.emoji2:emoji2:1.3.0] AndroidManifest.xml:24:9-32:20
115            android:name="androidx.startup.InitializationProvider"
115-->[androidx.emoji2:emoji2:1.3.0] AndroidManifest.xml:25:13-67
116            android:authorities="com.example.ch9.androidx-startup"
116-->[androidx.emoji2:emoji2:1.3.0] AndroidManifest.xml:26:13-68
117            android:exported="false" >
117-->[androidx.emoji2:emoji2:1.3.0] AndroidManifest.xml:27:13-37
118            <meta-data
118-->[androidx.emoji2:emoji2:1.3.0] AndroidManifest.xml:29:13-31:52
119                android:name="androidx.emoji2.text.EmojiCompatInitializer"
119-->[androidx.emoji2:emoji2:1.3.0] AndroidManifest.xml:30:17-75
120                android:value="androidx.startup" />
120-->[androidx.emoji2:emoji2:1.3.0] AndroidManifest.xml:31:17-49
121            <meta-data
121-->[androidx.lifecycle:lifecycle-process:2.6.2] AndroidManifest.xml:29:13-31:52
122                android:name="androidx.lifecycle.ProcessLifecycleInitializer"
122-->[androidx.lifecycle:lifecycle-process:2.6.2] AndroidManifest.xml:30:17-78
123                android:value="androidx.startup" />
123-->[androidx.lifecycle:lifecycle-process:2.6.2] AndroidManifest.xml:31:17-49
124            <meta-data
124-->[androidx.profileinstaller:profileinstaller:1.4.0] AndroidManifest.xml:29:13-31:52
125                android:name="androidx.profileinstaller.ProfileInstallerInitializer"
125-->[androidx.profileinstaller:profileinstaller:1.4.0] AndroidManifest.xml:30:17-85
126                android:value="androidx.startup" />
126-->[androidx.profileinstaller:profileinstaller:1.4.0] AndroidManifest.xml:31:17-49
127        </provider>
128
129        <receiver
129-->[androidx.profileinstaller:profileinstaller:1.4.0] AndroidManifest.xml:34:9-52:20
130            android:name="androidx.profileinstaller.ProfileInstallReceiver"
130-->[androidx.profileinstaller:profileinstaller:1.4.0] AndroidManifest.xml:35:13-76
131            android:directBootAware="false"
131-->[androidx.profileinstaller:profileinstaller:1.4.0] AndroidManifest.xml:36:13-44
132            android:enabled="true"
132-->[androidx.profileinstaller:profileinstaller:1.4.0] AndroidManifest.xml:37:13-35
133            android:exported="true"
133-->[androidx.profileinstaller:profileinstaller:1.4.0] AndroidManifest.xml:38:13-36
134            android:permission="android.permission.DUMP" >
134-->[androidx.profileinstaller:profileinstaller:1.4.0] AndroidManifest.xml:39:13-57
135            <intent-filter>
135-->[androidx.profileinstaller:profileinstaller:1.4.0] AndroidManifest.xml:40:13-42:29
136                <action android:name="androidx.profileinstaller.action.INSTALL_PROFILE" />
136-->[androidx.profileinstaller:profileinstaller:1.4.0] AndroidManifest.xml:41:17-91
136-->[androidx.profileinstaller:profileinstaller:1.4.0] AndroidManifest.xml:41:25-88
137            </intent-filter>
138            <intent-filter>
138-->[androidx.profileinstaller:profileinstaller:1.4.0] AndroidManifest.xml:43:13-45:29
139                <action android:name="androidx.profileinstaller.action.SKIP_FILE" />
139-->[androidx.profileinstaller:profileinstaller:1.4.0] AndroidManifest.xml:44:17-85
139-->[androidx.profileinstaller:profileinstaller:1.4.0] AndroidManifest.xml:44:25-82
140            </intent-filter>
141            <intent-filter>
141-->[androidx.profileinstaller:profileinstaller:1.4.0] AndroidManifest.xml:46:13-48:29
142                <action android:name="androidx.profileinstaller.action.SAVE_PROFILE" />
142-->[androidx.profileinstaller:profileinstaller:1.4.0] AndroidManifest.xml:47:17-88
142-->[androidx.profileinstaller:profileinstaller:1.4.0] AndroidManifest.xml:47:25-85
143            </intent-filter>
144            <intent-filter>
144-->[androidx.profileinstaller:profileinstaller:1.4.0] AndroidManifest.xml:49:13-51:29
145                <action android:name="androidx.profileinstaller.action.BENCHMARK_OPERATION" />
145-->[androidx.profileinstaller:profileinstaller:1.4.0] AndroidManifest.xml:50:17-95
145-->[androidx.profileinstaller:profileinstaller:1.4.0] AndroidManifest.xml:50:25-92
146            </intent-filter>
147        </receiver>
148    </application>
149
150</manifest>